0 verbose cli C:\Program Files\nodejs\node.exe C:\Users\ihebc\AppData\Roaming\npm\node_modules\npm\bin\npm-cli.js
1 info using npm@10.6.0
2 info using node@v20.14.0
3 silly config:load:file:C:\Users\ihebc\AppData\Roaming\npm\node_modules\npm\npmrc
4 silly config:load:file:C:\Users\ihebc\OneDrive\Desktop\RemedServer\.npmrc
5 silly config:load:file:C:\Users\ihebc\.npmrc
6 silly config:load:file:C:\Users\ihebc\AppData\Roaming\npm\etc\npmrc
7 verbose title npm install express mongoose bcrypt jsonwebtoken nodemailer body-parser
8 verbose argv "install" "express" "mongoose" "bcrypt" "jsonwebtoken" "nodemailer" "body-parser"
9 verbose logfile logs-max:10 dir:C:\Users\ihebc\OneDrive\Desktop\RemedServer\clean\_logs\2024-08-04T12_42_17_894Z-
10 verbose logfile C:\Users\ihebc\OneDrive\Desktop\RemedServer\clean\_logs\2024-08-04T12_42_17_894Z-debug-0.log
11 silly logfile start cleaning logs, removing 1 files
12 silly logfile done cleaning log files
13 silly idealTree buildDeps
14 silly fetch manifest bcrypt@^5.1.1
15 http fetch GET 200 https://registry.npmjs.org/bcrypt 328ms (cache miss)
16 silly fetch manifest body-parser@^1.20.2
17 http fetch GET 200 https://registry.npmjs.org/body-parser 62ms (cache miss)
18 silly fetch manifest express@^4.19.2
19 http fetch GET 200 https://registry.npmjs.org/express 49ms (cache revalidated)
20 silly fetch manifest jsonwebtoken@^9.0.2
21 http fetch GET 200 https://registry.npmjs.org/jsonwebtoken 89ms (cache revalidated)
22 silly fetch manifest mongoose@^8.5.2
23 http fetch GET 200 https://registry.npmjs.org/mongoose 74ms (cache revalidated)
24 silly fetch manifest nodemailer@*
25 http fetch GET 200 https://registry.npmjs.org/nodemailer 133ms (cache miss)
26 silly placeDep ROOT bcrypt@5.1.1 REPLACE for: servergym@1.0.0 want: ^5.1.1
27 silly placeDep ROOT body-parser@1.20.2 REPLACE for: servergym@1.0.0 want: ^1.20.2
28 silly placeDep ROOT express@4.19.2 REPLACE for: servergym@1.0.0 want: ^4.19.2
29 silly placeDep ROOT jsonwebtoken@9.0.2 REPLACE for: servergym@1.0.0 want: ^9.0.2
30 silly placeDep ROOT mongoose@8.5.2 REPLACE for: servergym@1.0.0 want: ^8.5.2
31 silly placeDep ROOT nodemailer@6.9.14 OK for: servergym@1.0.0 want: *
32 silly reify moves {}
33 silly audit bulk request {
33 silly audit   '@mapbox/node-pre-gyp': [ '1.0.11' ],
33 silly audit   '@mongodb-js/saslprep': [ '1.1.5' ],
33 silly audit   '@types/body-parser': [ '1.19.5' ],
33 silly audit   '@types/bson': [ '4.2.0' ],
33 silly audit   '@types/connect': [ '3.4.38' ],
33 silly audit   '@types/express': [ '4.17.21' ],
33 silly audit   '@types/express-serve-static-core': [ '4.19.0' ],
33 silly audit   '@types/http-errors': [ '2.0.4' ],
33 silly audit   '@types/mime': [ '1.3.5' ],
33 silly audit   '@types/mongodb': [ '3.6.20' ],
33 silly audit   '@types/multer': [ '1.4.11' ],
33 silly audit   '@types/node': [ '20.12.7' ],
33 silly audit   '@types/pump': [ '1.1.3' ],
33 silly audit   '@types/qs': [ '6.9.15' ],
33 silly audit   '@types/range-parser': [ '1.2.7' ],
33 silly audit   '@types/send': [ '0.17.4' ],
33 silly audit   '@types/serve-static': [ '1.15.7' ],
33 silly audit   '@types/webidl-conversions': [ '7.0.3' ],
33 silly audit   '@types/whatwg-url': [ '11.0.4' ],
33 silly audit   abbrev: [ '1.1.1' ],
33 silly audit   accepts: [ '1.3.8' ],
33 silly audit   'agent-base': [ '6.0.2' ],
33 silly audit   debug: [ '4.3.4', '2.6.9' ],
33 silly audit   ms: [ '2.1.2', '2.0.0', '2.1.3' ],
33 silly audit   'ansi-regex': [ '5.0.1' ],
33 silly audit   'append-field': [ '1.0.0' ],
33 silly audit   aproba: [ '2.0.0' ],
33 silly audit   'are-we-there-yet': [ '2.0.0' ],
33 silly audit   'readable-stream': [ '3.6.2', '2.3.8', '1.1.14' ],
33 silly audit   string_decoder: [ '1.3.0', '1.1.1', '0.10.31' ],
33 silly audit   'array-flatten': [ '1.1.1' ],
33 silly audit   'balanced-match': [ '1.0.2' ],
33 silly audit   'basic-auth': [ '2.0.1' ],
33 silly audit   'safe-buffer': [ '5.1.2', '5.2.1' ],
33 silly audit   'brace-expansion': [ '1.1.11' ],
33 silly audit   bson: [ '6.8.0' ],
33 silly audit   'buffer-equal-constant-time': [ '1.0.1' ],
33 silly audit   'buffer-from': [ '1.1.2' ],
33 silly audit   busboy: [ '0.2.14' ],
33 silly audit   bytes: [ '3.1.2' ],
33 silly audit   'call-bind': [ '1.0.7' ],
33 silly audit   chownr: [ '2.0.0' ],
33 silly audit   'color-support': [ '1.1.3' ],
33 silly audit   'concat-map': [ '0.0.1' ],
33 silly audit   'concat-stream': [ '1.6.2' ],
33 silly audit   isarray: [ '1.0.0', '0.0.1' ],
33 silly audit   'console-control-strings': [ '1.1.0' ],
33 silly audit   'content-disposition': [ '0.5.4' ],
33 silly audit   'content-type': [ '1.0.5' ],
33 silly audit   cookie: [ '0.6.0' ],
33 silly audit   'cookie-signature': [ '1.0.6' ],
33 silly audit   'core-util-is': [ '1.0.3' ],
33 silly audit   cors: [ '2.8.5' ],
33 silly audit   'define-data-property': [ '1.1.4' ],
33 silly audit   delegates: [ '1.0.0' ],
33 silly audit   depd: [ '2.0.0' ],
33 silly audit   destroy: [ '1.2.0' ],
33 silly audit   'detect-libc': [ '2.0.3' ],
33 silly audit   dicer: [ '0.2.5' ],
33 silly audit   dotenv: [ '16.4.5' ],
33 silly audit   'ecdsa-sig-formatter': [ '1.0.11' ],
33 silly audit   'ee-first': [ '1.1.1' ],
33 silly audit   'emoji-regex': [ '8.0.0' ],
33 silly audit   encodeurl: [ '1.0.2' ],
33 silly audit   'end-of-stream': [ '1.4.4' ],
33 silly audit   'es-define-property': [ '1.0.0' ],
33 silly audit   'es-errors': [ '1.3.0' ],
33 silly audit   'escape-html': [ '1.0.3' ],
33 silly audit   etag: [ '1.8.1' ],
33 silly audit   finalhandler: [ '1.2.0' ],
33 silly audit   flushwritable: [ '1.0.0' ],
33 silly audit   forwarded: [ '0.2.0' ],
33 silly audit   fresh: [ '0.5.2' ],
33 silly audit   'fs-minipass': [ '2.1.0' ],
33 silly audit   minipass: [ '3.3.6', '5.0.0' ],
33 silly audit   'fs.realpath': [ '1.0.0' ],
33 silly audit   'function-bind': [ '1.1.2' ],
33 silly audit   gauge: [ '3.0.2' ],
33 silly audit   'get-intrinsic': [ '1.2.4' ],
33 silly audit   glob: [ '7.2.3' ],
33 silly audit   gopd: [ '1.0.1' ],
33 silly audit   'gridfs-stream': [ '1.1.1' ],
33 silly audit   'has-own-prop': [ '2.0.0' ],
33 silly audit   'has-property-descriptors': [ '1.0.2' ],
33 silly audit   'has-proto': [ '1.0.3' ],
33 silly audit   'has-symbols': [ '1.0.3' ],
33 silly audit   'has-unicode': [ '2.0.1' ],
33 silly audit   hasown: [ '2.0.2' ],
33 silly audit   helmet: [ '7.1.0' ],
33 silly audit   'http-errors': [ '2.0.0' ],
33 silly audit   'https-proxy-agent': [ '5.0.1' ],
33 silly audit   'iconv-lite': [ '0.4.24' ],
33 silly audit   inflight: [ '1.0.6' ],
33 silly audit   inherits: [ '2.0.4' ],
33 silly audit   'ipaddr.js': [ '1.9.1' ],
33 silly audit   'is-fullwidth-code-point': [ '3.0.0' ],
33 silly audit   'is-generator': [ '1.0.3' ],
33 silly audit   'is-promise': [ '4.0.0' ],
33 silly audit   jwa: [ '1.4.1' ],
33 silly audit   jws: [ '3.2.2' ],
33 silly audit   kareem: [ '2.6.3' ],
33 silly audit   'lodash.includes': [ '4.3.0' ],
33 silly audit   'lodash.isboolean': [ '3.0.3' ],
33 silly audit   'lodash.isinteger': [ '4.0.4' ],
33 silly audit   'lodash.isnumber': [ '3.0.3' ],
33 silly audit   'lodash.isplainobject': [ '4.0.6' ],
33 silly audit   'lodash.isstring': [ '4.0.1' ],
33 silly audit   'lodash.once': [ '4.1.1' ],
33 silly audit   'lru-cache': [ '6.0.0' ],
33 silly audit   'make-dir': [ '3.1.0' ],
33 silly audit   semver: [ '6.3.1', '7.6.0' ],
33 silly audit   'media-typer': [ '0.3.0' ],
33 silly audit   'memory-pager': [ '1.5.0' ],
33 silly audit   'merge-descriptors': [ '1.0.1' ],
33 silly audit   methods: [ '1.1.2' ],
33 silly audit   mime: [ '1.6.0' ],
33 silly audit   'mime-db': [ '1.52.0' ],
33 silly audit   'mime-types': [ '2.1.35' ],
33 silly audit   minimatch: [ '3.1.2' ],
33 silly audit   minimist: [ '1.2.8' ],
33 silly audit   minizlib: [ '2.1.2' ],
33 silly audit   mkdirp: [ '0.5.6', '1.0.4' ],
33 silly audit   mongodb: [ '6.7.0' ],
33 silly audit   'mongodb-connection-string-url': [ '3.0.0' ],
33 silly audit   'mongodb-uri': [ '0.9.7' ],
33 silly audit   morgan: [ '1.10.0' ],
33 silly audit   'on-finished': [ '2.3.0', '2.4.1' ],
33 silly audit   mpath: [ '0.9.0' ],
33 silly audit   mquery: [ '5.0.0' ],
33 silly audit   multer: [ '1.4.4' ],
33 silly audit   'multer-gridfs-storage': [ '5.0.2' ],
33 silly audit   negotiator: [ '0.6.3' ],
33 silly audit   'node-addon-api': [ '5.1.0' ],
33 silly audit   'node-fetch': [ '2.7.0' ],
33 silly audit   tr46: [ '0.0.3', '4.1.1' ],
33 silly audit   'webidl-conversions': [ '3.0.1', '7.0.0' ],
33 silly audit   'whatwg-url': [ '5.0.0', '13.0.0' ],
33 silly audit   nopt: [ '5.0.0' ],
33 silly audit   npmlog: [ '5.0.1' ],
33 silly audit   'object-assign': [ '4.1.1' ],
33 silly audit   'object-inspect': [ '1.13.1' ],
33 silly audit   'on-headers': [ '1.0.2' ],
33 silly audit   once: [ '1.4.0' ],
33 silly audit   parseurl: [ '1.3.3' ],
33 silly audit   'path-is-absolute': [ '1.0.1' ],
33 silly audit   'path-to-regexp': [ '0.1.7' ],
33 silly audit   'process-nextick-args': [ '2.0.1' ],
33 silly audit   'proxy-addr': [ '2.0.7' ],
33 silly audit   pump: [ '3.0.0' ],
33 silly audit   punycode: [ '2.3.1' ],
33 silly audit   qs: [ '6.11.0' ],
33 silly audit   'range-parser': [ '1.2.1' ],
33 silly audit   'raw-body': [ '2.5.2' ],
33 silly audit   rimraf: [ '3.0.2' ],
33 silly audit   'safer-buffer': [ '2.1.2' ],
33 silly audit   send: [ '0.18.0' ],
33 silly audit   'serve-static': [ '1.15.0' ],
33 silly audit   'set-blocking': [ '2.0.0' ],
33 silly audit   'set-function-length': [ '1.2.2' ],
33 silly audit   setprototypeof: [ '1.2.0' ],
33 silly audit   'side-channel': [ '1.0.6' ],
33 silly audit   sift: [ '17.1.3' ],
33 silly audit   'signal-exit': [ '3.0.7' ],
33 silly audit   'sparse-bitfield': [ '3.0.3' ],
33 silly audit   statuses: [ '2.0.1' ],
33 silly audit   streamsearch: [ '0.1.2' ],
33 silly audit   'string-width': [ '4.2.3' ],
33 silly audit   'strip-ansi': [ '6.0.1' ],
33 silly audit   tar: [ '6.2.1' ],
33 silly audit   toidentifier: [ '1.0.1' ],
33 silly audit   'type-is': [ '1.6.18' ],
33 silly audit   typedarray: [ '0.0.6' ],
33 silly audit   'undici-types': [ '5.26.5' ],
33 silly audit   unpipe: [ '1.0.0' ],
33 silly audit   'util-deprecate': [ '1.0.2' ],
33 silly audit   'utils-merge': [ '1.0.1' ],
33 silly audit   vary: [ '1.1.2' ],
33 silly audit   'wide-align': [ '1.1.5' ],
33 silly audit   wrappy: [ '1.0.2' ],
33 silly audit   xtend: [ '4.0.2' ],
33 silly audit   yallist: [ '4.0.0' ],
33 silly audit   bcrypt: [ '5.1.1' ],
33 silly audit   'body-parser': [ '1.20.2' ],
33 silly audit   express: [ '4.19.2' ],
33 silly audit   jsonwebtoken: [ '9.0.2' ],
33 silly audit   mongoose: [ '8.5.2' ],
33 silly audit   nodemailer: [ '6.9.14' ]
33 silly audit }
34 silly tarball no local data for nodemailer@https://registry.npmjs.org/nodemailer/-/nodemailer-6.9.14.tgz. Extracting by manifest.
35 http fetch GET 200 https://registry.npmjs.org/nodemailer/-/nodemailer-6.9.14.tgz 193ms (cache miss)
36 http fetch POST 200 https://registry.npmjs.org/-/npm/v1/security/advisories/bulk 727ms
37 silly audit report {
37 silly audit report   dicer: [
37 silly audit report     {
37 silly audit report       id: 1093150,
37 silly audit report       url: 'https://github.com/advisories/GHSA-wm7h-9275-46v2',
37 silly audit report       title: 'Crash in HeaderParser in dicer',
37 silly audit report       severity: 'high',
37 silly audit report       vulnerable_versions: '<=0.3.1',
37 silly audit report       cwe: [Array],
37 silly audit report       cvss: [Object]
37 silly audit report     }
37 silly audit report   ]
37 silly audit report }
38 http fetch GET 200 https://registry.npmjs.org/dicer 65ms (cache revalidated)
39 http fetch GET 200 https://registry.npmjs.org/busboy 73ms (cache revalidated)
40 http fetch GET 200 https://registry.npmjs.org/multer 96ms (cache revalidated)
41 silly ADD node_modules/nodemailer
42 verbose exit 0
43 info ok
